h9L0xogP8qniWVkMAAAB
Disconnect from user transport close, socketid=h9L0xogP8qniWVkMAAAB
6ZrcFSQbeiS5QFFuAAAF
Disconnect from user transport close, socketid=6ZrcFSQbeiS5QFFuAAAF
Air2P2fAZkt157iiAAAH
0slsqOggDL9tcWNQAAAJ
Disconnect from user transport close, socketid=0slsqOggDL9tcWNQAAAJ
3qul6SO_geX97qw4AAAL
Disconnect from user transport close, socketid=Air2P2fAZkt157iiAAAH
zwHp2BKtpfn9_8Z-AAAO
ftgG5_6yRczPxELmAAAY
Disconnect from user transport close, socketid=3qul6SO_geX97qw4AAAL
MyIWnfTdXaMi-oR_AAAa
Disconnect from user transport close, socketid=ftgG5_6yRczPxELmAAAY
ZX37XTDRDa_a3cDdAAAc
Disconnect from user transport close, socketid=ZX37XTDRDa_a3cDdAAAc
25sdcBuYy27NCz1-AAAB
NBGQ5aZ9yinMV2ooAAAD
Disconnect from user transport close, socketid=NBGQ5aZ9yinMV2ooAAAD
z9bQL7XVnmiTKdHCAAAF
Disconnect from user transport close, socketid=z9bQL7XVnmiTKdHCAAAF
dNL_QUZSRsPzt1YLAAAH
2WveO-KBTtIrBCP8AAAJ
Disconnect from user transport close, socketid=2WveO-KBTtIrBCP8AAAJ
3PVgExVMajqnUdLvAAAL
Disconnect from user transport error, socketid=3PVgExVMajqnUdLvAAAL
ZQ1zPA3gUoe-B_FcAAAN
Disconnect from user transport error, socketid=25sdcBuYy27NCz1-AAAB
DRtvYRdfTCLD1-e8AAAP
Disconnect from user transport close, socketid=DRtvYRdfTCLD1-e8AAAP
BqlihIHZHNiR-RgCAAAR
Disconnect from user transport close, socketid=ZQ1zPA3gUoe-B_FcAAAN
Lq77vIph6CYTD5tsAAAT
Disconnect from user transport close, socketid=BqlihIHZHNiR-RgCAAAR
f2WwxB1Ioxhysv_TAAAV
Disconnect from user transport close, socketid=f2WwxB1Ioxhysv_TAAAV
SZR8_UOjJ-r5o6HIAAAX
Disconnect from user transport close, socketid=dNL_QUZSRsPzt1YLAAAH
zQFPJ7ufcR8HNq-8AAAZ
Disconnect from user transport close, socketid=zQFPJ7ufcR8HNq-8AAAZ
72dwaAPYQdj5TeMpAAAb
Disconnect from user transport close, socketid=SZR8_UOjJ-r5o6HIAAAX
dxt6SDM_YhqI9oy5AAAd
Disconnect from user transport close, socketid=dxt6SDM_YhqI9oy5AAAd
IMd--L6wHPi7Dc-EAAAf
Disconnect from user transport close, socketid=IMd--L6wHPi7Dc-EAAAf
Disconnect from user transport close, socketid=72dwaAPYQdj5TeMpAAAb
-bSZIdmflvtkCs3TAAAh
Disconnect from user transport close, socketid=Lq77vIph6CYTD5tsAAAT
FaVks1azPpKjo9ZMAAAj
Disconnect from user transport close, socketid=FaVks1azPpKjo9ZMAAAj
92yx4kPiRZX7VqVJAAAl
Disconnect from user transport close, socketid=92yx4kPiRZX7VqVJAAAl
p8P_mF8aU6NcXhYlAAAn
MPbOjqZ5Wm-LQtghAAAp
Disconnect from user transport close, socketid=-bSZIdmflvtkCs3TAAAh
Disconnect from user transport close, socketid=p8P_mF8aU6NcXhYlAAAn
Disconnect from user transport close, socketid=MPbOjqZ5Wm-LQtghAAAp
-dR_lpCZYLNY1Ts5AAAr
wJVYTPDAMF62znxBAAAt
02PEP2sj4h13bBm-AAAv
Disconnect from user transport close, socketid=wJVYTPDAMF62znxBAAAt
WTzjTvim3SkJYH5_AAAx
Disconnect from user transport close, socketid=-dR_lpCZYLNY1Ts5AAAr
Disconnect from user transport close, socketid=02PEP2sj4h13bBm-AAAv
BbeDmSSRGzUL2oYGAAAz
Disconnect from user transport close, socketid=BbeDmSSRGzUL2oYGAAAz
XAZE9fJSv2uFzdfsAAA1
Disconnect from user transport close, socketid=WTzjTvim3SkJYH5_AAAx
B3IVQGg8uPiK4Fl_AAA3
Disconnect from user transport close, socketid=XAZE9fJSv2uFzdfsAAA1
Disconnect from user transport close, socketid=B3IVQGg8uPiK4Fl_AAA3
L95EIHxoMq7Ki45gAAA5
NaZ5_LgoyHyBPr9eAAA7
Disconnect from user transport close, socketid=NaZ5_LgoyHyBPr9eAAA7
lns0tswbu1pkY5mAAAA9
Disconnect from user transport close, socketid=L95EIHxoMq7Ki45gAAA5
Disconnect from user transport close, socketid=lns0tswbu1pkY5mAAAA9
HI-_y4l5PWwQzPyLAAAB
Disconnect from user transport close, socketid=HI-_y4l5PWwQzPyLAAAB
DqLqZ19DGj_zKnS3AAAD
Disconnect from user transport close, socketid=DqLqZ19DGj_zKnS3AAAD
TVr0T5ddlZVE0B8rAAAF
Disconnect from user transport close, socketid=TVr0T5ddlZVE0B8rAAAF
BhJ9oO1NZtVT4YgLAAAH
Disconnect from user transport close, socketid=BhJ9oO1NZtVT4YgLAAAH
t5ENavz81RqG2CIDAAAJ
Disconnect from user transport close, socketid=t5ENavz81RqG2CIDAAAJ
